2023-12-26 19:47:49 [scrapy.core.scraper] ERROR: Spider error processing <GET https://movie.douban.com/subject/36178641/reviews> (referer: None)
Traceback (most recent call last):
  File "E:\Python\lib\site-packages\twisted\internet\defer.py", line 892, in _runCallbacks
    current.result = callback(  # type: ignore[misc]
  File "E:\Python\lib\site-packages\scrapy\spiders\__init__.py", line 79, in _parse
    return self.parse(response, **kwargs)
  File "F:\WorkSpace\Software Engineering Practice 2\Pyspark project design\Project1\db_spider\db_spider\spiders\dbSpider.py", line 10, in parse
    tile = response.xpath('//html/head/title/text()').excract()
AttributeError: 'SelectorList' object has no attribute 'excract'
2023-12-26 19:48:03 [scrapy.core.scraper] ERROR: Spider must return request, item, or None, got 'Selector' in <GET https://movie.douban.com/subject/36178641/reviews>
2023-12-26 19:50:00 [scrapy.core.scraper] ERROR: Spider error processing <GET https://movie.douban.com/subject/36178641/reviews> (referer: None)
Traceback (most recent call last):
  File "E:\Python\lib\site-packages\twisted\internet\defer.py", line 892, in _runCallbacks
    current.result = callback(  # type: ignore[misc]
  File "E:\Python\lib\site-packages\scrapy\spiders\__init__.py", line 79, in _parse
    return self.parse(response, **kwargs)
  File "F:\WorkSpace\Software Engineering Practice 2\Pyspark project design\Project1\db_spider\db_spider\spiders\dbSpider.py", line 10, in parse
    review_list = response.xpath('//html/body/div[@class="wrapper"]/div[@id="content"]/h1/text()').excract_first()
AttributeError: 'SelectorList' object has no attribute 'excract_first'
2023-12-26 20:03:05 [scrapy.core.scraper] ERROR: Spider must return request, item, or None, got 'Selector' in <GET https://movie.douban.com/subject/36178641/reviews>
2023-12-26 20:03:05 [scrapy.core.scraper] ERROR: Spider must return request, item, or None, got 'Selector' in <GET https://movie.douban.com/subject/36178641/reviews>
2023-12-26 20:03:05 [scrapy.core.scraper] ERROR: Spider must return request, item, or None, got 'Selector' in <GET https://movie.douban.com/subject/36178641/reviews>
2023-12-26 20:03:05 [scrapy.core.scraper] ERROR: Spider must return request, item, or None, got 'Selector' in <GET https://movie.douban.com/subject/36178641/reviews>
2023-12-26 20:03:05 [scrapy.core.scraper] ERROR: Spider must return request, item, or None, got 'Selector' in <GET https://movie.douban.com/subject/36178641/reviews>
2023-12-26 20:03:05 [scrapy.core.scraper] ERROR: Spider must return request, item, or None, got 'Selector' in <GET https://movie.douban.com/subject/36178641/reviews>
2023-12-26 20:03:05 [scrapy.core.scraper] ERROR: Spider must return request, item, or None, got 'Selector' in <GET https://movie.douban.com/subject/36178641/reviews>
2023-12-26 20:03:05 [scrapy.core.scraper] ERROR: Spider must return request, item, or None, got 'Selector' in <GET https://movie.douban.com/subject/36178641/reviews>
2023-12-26 20:03:05 [scrapy.core.scraper] ERROR: Spider must return request, item, or None, got 'Selector' in <GET https://movie.douban.com/subject/36178641/reviews>
2023-12-26 20:03:05 [scrapy.core.scraper] ERROR: Spider must return request, item, or None, got 'Selector' in <GET https://movie.douban.com/subject/36178641/reviews>
2023-12-26 20:03:05 [scrapy.core.scraper] ERROR: Spider must return request, item, or None, got 'Selector' in <GET https://movie.douban.com/subject/36178641/reviews>
2023-12-26 20:03:05 [scrapy.core.scraper] ERROR: Spider must return request, item, or None, got 'Selector' in <GET https://movie.douban.com/subject/36178641/reviews>
2023-12-26 20:03:05 [scrapy.core.scraper] ERROR: Spider must return request, item, or None, got 'Selector' in <GET https://movie.douban.com/subject/36178641/reviews>
2023-12-26 20:03:05 [scrapy.core.scraper] ERROR: Spider must return request, item, or None, got 'Selector' in <GET https://movie.douban.com/subject/36178641/reviews>
2023-12-26 20:03:05 [scrapy.core.scraper] ERROR: Spider must return request, item, or None, got 'Selector' in <GET https://movie.douban.com/subject/36178641/reviews>
2023-12-26 20:03:05 [scrapy.core.scraper] ERROR: Spider must return request, item, or None, got 'Selector' in <GET https://movie.douban.com/subject/36178641/reviews>
2023-12-26 20:03:05 [scrapy.core.scraper] ERROR: Spider must return request, item, or None, got 'Selector' in <GET https://movie.douban.com/subject/36178641/reviews>
2023-12-26 20:03:05 [scrapy.core.scraper] ERROR: Spider must return request, item, or None, got 'Selector' in <GET https://movie.douban.com/subject/36178641/reviews>
2023-12-26 20:03:05 [scrapy.core.scraper] ERROR: Spider must return request, item, or None, got 'Selector' in <GET https://movie.douban.com/subject/36178641/reviews>
2023-12-26 20:03:05 [scrapy.core.scraper] ERROR: Spider must return request, item, or None, got 'Selector' in <GET https://movie.douban.com/subject/36178641/reviews>
2023-12-26 20:04:16 [scrapy.core.scraper] ERROR: Spider must return request, item, or None, got 'Selector' in <GET https://movie.douban.com/subject/36178641/reviews>
2023-12-26 20:04:16 [scrapy.core.scraper] ERROR: Spider must return request, item, or None, got 'Selector' in <GET https://movie.douban.com/subject/36178641/reviews>
2023-12-26 20:04:16 [scrapy.core.scraper] ERROR: Spider must return request, item, or None, got 'Selector' in <GET https://movie.douban.com/subject/36178641/reviews>
2023-12-26 20:04:16 [scrapy.core.scraper] ERROR: Spider must return request, item, or None, got 'Selector' in <GET https://movie.douban.com/subject/36178641/reviews>
2023-12-26 20:04:16 [scrapy.core.scraper] ERROR: Spider must return request, item, or None, got 'Selector' in <GET https://movie.douban.com/subject/36178641/reviews>
2023-12-26 20:04:16 [scrapy.core.scraper] ERROR: Spider must return request, item, or None, got 'Selector' in <GET https://movie.douban.com/subject/36178641/reviews>
2023-12-26 20:04:16 [scrapy.core.scraper] ERROR: Spider must return request, item, or None, got 'Selector' in <GET https://movie.douban.com/subject/36178641/reviews>
2023-12-26 20:04:16 [scrapy.core.scraper] ERROR: Spider must return request, item, or None, got 'Selector' in <GET https://movie.douban.com/subject/36178641/reviews>
2023-12-26 20:04:16 [scrapy.core.scraper] ERROR: Spider must return request, item, or None, got 'Selector' in <GET https://movie.douban.com/subject/36178641/reviews>
2023-12-26 20:04:16 [scrapy.core.scraper] ERROR: Spider must return request, item, or None, got 'Selector' in <GET https://movie.douban.com/subject/36178641/reviews>
2023-12-26 20:04:16 [scrapy.core.scraper] ERROR: Spider must return request, item, or None, got 'Selector' in <GET https://movie.douban.com/subject/36178641/reviews>
2023-12-26 20:04:16 [scrapy.core.scraper] ERROR: Spider must return request, item, or None, got 'Selector' in <GET https://movie.douban.com/subject/36178641/reviews>
2023-12-26 20:04:16 [scrapy.core.scraper] ERROR: Spider must return request, item, or None, got 'Selector' in <GET https://movie.douban.com/subject/36178641/reviews>
2023-12-26 20:04:16 [scrapy.core.scraper] ERROR: Spider must return request, item, or None, got 'Selector' in <GET https://movie.douban.com/subject/36178641/reviews>
2023-12-26 20:04:16 [scrapy.core.scraper] ERROR: Spider must return request, item, or None, got 'Selector' in <GET https://movie.douban.com/subject/36178641/reviews>
2023-12-26 20:04:16 [scrapy.core.scraper] ERROR: Spider must return request, item, or None, got 'Selector' in <GET https://movie.douban.com/subject/36178641/reviews>
2023-12-26 20:04:16 [scrapy.core.scraper] ERROR: Spider must return request, item, or None, got 'Selector' in <GET https://movie.douban.com/subject/36178641/reviews>
2023-12-26 20:04:16 [scrapy.core.scraper] ERROR: Spider must return request, item, or None, got 'Selector' in <GET https://movie.douban.com/subject/36178641/reviews>
2023-12-26 20:04:16 [scrapy.core.scraper] ERROR: Spider must return request, item, or None, got 'Selector' in <GET https://movie.douban.com/subject/36178641/reviews>
2023-12-26 20:04:16 [scrapy.core.scraper] ERROR: Spider must return request, item, or None, got 'Selector' in <GET https://movie.douban.com/subject/36178641/reviews>
2023-12-26 20:04:58 [scrapy.core.scraper] ERROR: Spider must return request, item, or None, got 'Selector' in <GET https://movie.douban.com/subject/36178641/reviews>
2023-12-26 20:04:58 [scrapy.core.scraper] ERROR: Spider must return request, item, or None, got 'Selector' in <GET https://movie.douban.com/subject/36178641/reviews>
2023-12-26 20:04:58 [scrapy.core.scraper] ERROR: Spider must return request, item, or None, got 'Selector' in <GET https://movie.douban.com/subject/36178641/reviews>
2023-12-26 20:04:58 [scrapy.core.scraper] ERROR: Spider must return request, item, or None, got 'Selector' in <GET https://movie.douban.com/subject/36178641/reviews>
2023-12-26 20:04:58 [scrapy.core.scraper] ERROR: Spider must return request, item, or None, got 'Selector' in <GET https://movie.douban.com/subject/36178641/reviews>
2023-12-26 20:04:58 [scrapy.core.scraper] ERROR: Spider must return request, item, or None, got 'Selector' in <GET https://movie.douban.com/subject/36178641/reviews>
2023-12-26 20:04:58 [scrapy.core.scraper] ERROR: Spider must return request, item, or None, got 'Selector' in <GET https://movie.douban.com/subject/36178641/reviews>
2023-12-26 20:04:58 [scrapy.core.scraper] ERROR: Spider must return request, item, or None, got 'Selector' in <GET https://movie.douban.com/subject/36178641/reviews>
2023-12-26 20:04:58 [scrapy.core.scraper] ERROR: Spider must return request, item, or None, got 'Selector' in <GET https://movie.douban.com/subject/36178641/reviews>
2023-12-26 20:04:58 [scrapy.core.scraper] ERROR: Spider must return request, item, or None, got 'Selector' in <GET https://movie.douban.com/subject/36178641/reviews>
2023-12-26 20:04:58 [scrapy.core.scraper] ERROR: Spider must return request, item, or None, got 'Selector' in <GET https://movie.douban.com/subject/36178641/reviews>
2023-12-26 20:04:58 [scrapy.core.scraper] ERROR: Spider must return request, item, or None, got 'Selector' in <GET https://movie.douban.com/subject/36178641/reviews>
2023-12-26 20:04:58 [scrapy.core.scraper] ERROR: Spider must return request, item, or None, got 'Selector' in <GET https://movie.douban.com/subject/36178641/reviews>
2023-12-26 20:04:58 [scrapy.core.scraper] ERROR: Spider must return request, item, or None, got 'Selector' in <GET https://movie.douban.com/subject/36178641/reviews>
2023-12-26 20:04:58 [scrapy.core.scraper] ERROR: Spider must return request, item, or None, got 'Selector' in <GET https://movie.douban.com/subject/36178641/reviews>
2023-12-26 20:04:58 [scrapy.core.scraper] ERROR: Spider must return request, item, or None, got 'Selector' in <GET https://movie.douban.com/subject/36178641/reviews>
2023-12-26 20:04:58 [scrapy.core.scraper] ERROR: Spider must return request, item, or None, got 'Selector' in <GET https://movie.douban.com/subject/36178641/reviews>
2023-12-26 20:04:58 [scrapy.core.scraper] ERROR: Spider must return request, item, or None, got 'Selector' in <GET https://movie.douban.com/subject/36178641/reviews>
2023-12-26 20:04:58 [scrapy.core.scraper] ERROR: Spider must return request, item, or None, got 'Selector' in <GET https://movie.douban.com/subject/36178641/reviews>
2023-12-26 20:04:58 [scrapy.core.scraper] ERROR: Spider must return request, item, or None, got 'Selector' in <GET https://movie.douban.com/subject/36178641/reviews>
2023-12-26 20:25:41 [twisted] CRITICAL: Unhandled error in Deferred:
2023-12-26 20:25:41 [twisted] CRITICAL: 
Traceback (most recent call last):
  File "E:\Python\lib\site-packages\twisted\internet\defer.py", line 1697, in _inlineCallbacks
    result = context.run(gen.send, result)
  File "E:\Python\lib\site-packages\scrapy\crawler.py", line 156, in crawl
    self._apply_settings()
  File "E:\Python\lib\site-packages\scrapy\crawler.py", line 134, in _apply_settings
    self.extensions = ExtensionManager.from_crawler(self)
  File "E:\Python\lib\site-packages\scrapy\middleware.py", line 90, in from_crawler
    return cls.from_settings(crawler.settings, crawler)
  File "E:\Python\lib\site-packages\scrapy\middleware.py", line 66, in from_settings
    mwcls = load_object(clspath)
  File "E:\Python\lib\site-packages\scrapy\utils\misc.py", line 79, in load_object
    mod = import_module(module)
  File "E:\Python\lib\importlib\__init__.py", line 126, in import_module
    return _bootstrap._gcd_import(name[level:], package, level)
  File "<frozen importlib._bootstrap>", line 1050, in _gcd_import
  File "<frozen importlib._bootstrap>", line 1027, in _find_and_load
  File "<frozen importlib._bootstrap>", line 1006, in _find_and_load_unlocked
  File "<frozen importlib._bootstrap>", line 688, in _load_unlocked
  File "<frozen importlib._bootstrap_external>", line 883, in exec_module
  File "<frozen importlib._bootstrap>", line 241, in _call_with_frames_removed
  File "E:\Python\lib\site-packages\scrapy\extensions\feedexport.py", line 395, in <module>
    _FeedSlot = create_deprecated_class(
  File "E:\Python\lib\site-packages\scrapy\utils\deprecate.py", line 117, in create_deprecated_class
    frm = inspect.stack()[1]
  File "E:\Python\lib\inspect.py", line 1678, in stack
    return getouterframes(sys._getframe(1), context)
  File "E:\Python\lib\inspect.py", line 1655, in getouterframes
    frameinfo = (frame,) + getframeinfo(frame, context)
  File "E:\Python\lib\inspect.py", line 1629, in getframeinfo
    lines, lnum = findsource(frame)
  File "E:\Python\lib\inspect.py", line 940, in findsource
    file = getsourcefile(object)
  File "E:\Python\lib\inspect.py", line 829, in getsourcefile
    module = getmodule(object, filename)
  File "E:\Python\lib\inspect.py", line 869, in getmodule
    if ismodule(module) and hasattr(module, '__file__'):
KeyboardInterrupt
2023-12-26 20:35:29 [scrapy.core.scraper] ERROR: Spider error processing <GET https://movie.douban.com/subject/36178641/reviews> (referer: None)
Traceback (most recent call last):
  File "E:\Python\lib\site-packages\twisted\internet\defer.py", line 892, in _runCallbacks
    current.result = callback(  # type: ignore[misc]
  File "E:\Python\lib\site-packages\scrapy\spiders\__init__.py", line 79, in _parse
    return self.parse(response, **kwargs)
  File "F:\WorkSpace\Software Engineering Practice 2\Pyspark project design\Project1\db_spider\db_spider\spiders\dbSpider.py", line 17, in parse
    for i in movies_cid:
TypeError: 'NoneType' object is not iterable
2023-12-26 20:37:02 [scrapy.core.scraper] ERROR: Spider error processing <GET https://movie.douban.com/subject/36178641/reviews> (referer: None)
Traceback (most recent call last):
  File "E:\Python\lib\site-packages\twisted\internet\defer.py", line 892, in _runCallbacks
    current.result = callback(  # type: ignore[misc]
  File "E:\Python\lib\site-packages\scrapy\spiders\__init__.py", line 79, in _parse
    return self.parse(response, **kwargs)
  File "F:\WorkSpace\Software Engineering Practice 2\Pyspark project design\Project1\db_spider\db_spider\spiders\dbSpider.py", line 20, in parse
    './/div[@id=' + i + ']/header[@class="main-hd"]/a[@class="name"]/text()').extract_first()
TypeError: can only concatenate str (not "Selector") to str
2023-12-26 20:50:38 [scrapy.core.scraper] ERROR: Spider error processing <GET https://movie.douban.com/subject/36178641/reviews> (referer: None)
Traceback (most recent call last):
  File "E:\Python\lib\site-packages\parsel\selector.py", line 643, in xpath
    result = xpathev(
  File "src\lxml\etree.pyx", line 1607, in lxml.etree._Element.xpath
  File "src\lxml\xpath.pxi", line 305, in lxml.etree.XPathElementEvaluator.__call__
  File "src\lxml\xpath.pxi", line 225, in lxml.etree._XPathEvaluatorBase._handle_result
lxml.etree.XPathEvalError: Invalid predicate

During handling of the above exception, another exception occurred:

Traceback (most recent call last):
  File "E:\Python\lib\site-packages\twisted\internet\defer.py", line 892, in _runCallbacks
    current.result = callback(  # type: ignore[misc]
  File "E:\Python\lib\site-packages\scrapy\spiders\__init__.py", line 79, in _parse
    return self.parse(response, **kwargs)
  File "F:\WorkSpace\Software Engineering Practice 2\Pyspark project design\Project1\db_spider\db_spider\spiders\dbSpider.py", line 12, in parse
    review_list = response.xpath('//div[@class="main review-item""]')
  File "E:\Python\lib\site-packages\scrapy\http\response\text.py", line 157, in xpath
    return self.selector.xpath(query, **kwargs)
  File "E:\Python\lib\site-packages\parsel\selector.py", line 650, in xpath
    raise ValueError(f"XPath error: {exc} in {query}")
ValueError: XPath error: Invalid predicate in //div[@class="main review-item""]
2023-12-26 20:51:13 [scrapy.core.scraper] ERROR: Spider error processing <GET https://movie.douban.com/subject/36178641/reviews> (referer: None)
Traceback (most recent call last):
  File "E:\Python\lib\site-packages\parsel\selector.py", line 643, in xpath
    result = xpathev(
  File "src\lxml\etree.pyx", line 1607, in lxml.etree._Element.xpath
  File "src\lxml\xpath.pxi", line 305, in lxml.etree.XPathElementEvaluator.__call__
  File "src\lxml\xpath.pxi", line 225, in lxml.etree._XPathEvaluatorBase._handle_result
lxml.etree.XPathEvalError: Invalid predicate

During handling of the above exception, another exception occurred:

Traceback (most recent call last):
  File "E:\Python\lib\site-packages\twisted\internet\defer.py", line 892, in _runCallbacks
    current.result = callback(  # type: ignore[misc]
  File "E:\Python\lib\site-packages\scrapy\spiders\__init__.py", line 79, in _parse
    return self.parse(response, **kwargs)
  File "F:\WorkSpace\Software Engineering Practice 2\Pyspark project design\Project1\db_spider\db_spider\spiders\dbSpider.py", line 12, in parse
    review_list = response.xpath('//div[@class="main review-item""]')
  File "E:\Python\lib\site-packages\scrapy\http\response\text.py", line 157, in xpath
    return self.selector.xpath(query, **kwargs)
  File "E:\Python\lib\site-packages\parsel\selector.py", line 650, in xpath
    raise ValueError(f"XPath error: {exc} in {query}")
ValueError: XPath error: Invalid predicate in //div[@class="main review-item""]
2023-12-26 20:51:21 [scrapy.core.scraper] ERROR: Spider error processing <GET https://movie.douban.com/subject/36178641/reviews> (referer: None)
Traceback (most recent call last):
  File "E:\Python\lib\site-packages\parsel\selector.py", line 643, in xpath
    result = xpathev(
  File "src\lxml\etree.pyx", line 1607, in lxml.etree._Element.xpath
  File "src\lxml\xpath.pxi", line 305, in lxml.etree.XPathElementEvaluator.__call__
  File "src\lxml\xpath.pxi", line 225, in lxml.etree._XPathEvaluatorBase._handle_result
lxml.etree.XPathEvalError: Invalid predicate

During handling of the above exception, another exception occurred:

Traceback (most recent call last):
  File "E:\Python\lib\site-packages\twisted\internet\defer.py", line 892, in _runCallbacks
    current.result = callback(  # type: ignore[misc]
  File "E:\Python\lib\site-packages\scrapy\spiders\__init__.py", line 79, in _parse
    return self.parse(response, **kwargs)
  File "F:\WorkSpace\Software Engineering Practice 2\Pyspark project design\Project1\db_spider\db_spider\spiders\dbSpider.py", line 12, in parse
    review_list = response.xpath('//div[@class="main review-item""]')
  File "E:\Python\lib\site-packages\scrapy\http\response\text.py", line 157, in xpath
    return self.selector.xpath(query, **kwargs)
  File "E:\Python\lib\site-packages\parsel\selector.py", line 650, in xpath
    raise ValueError(f"XPath error: {exc} in {query}")
ValueError: XPath error: Invalid predicate in //div[@class="main review-item""]
2023-12-26 20:53:38 [scrapy.core.scraper] ERROR: Spider error processing <GET https://movie.douban.com/subject/36178641/reviews> (referer: None)
Traceback (most recent call last):
  File "E:\Python\lib\site-packages\parsel\selector.py", line 643, in xpath
    result = xpathev(
  File "src\lxml\etree.pyx", line 1607, in lxml.etree._Element.xpath
  File "src\lxml\xpath.pxi", line 305, in lxml.etree.XPathElementEvaluator.__call__
  File "src\lxml\xpath.pxi", line 225, in lxml.etree._XPathEvaluatorBase._handle_result
lxml.etree.XPathEvalError: Invalid predicate

During handling of the above exception, another exception occurred:

Traceback (most recent call last):
  File "E:\Python\lib\site-packages\twisted\internet\defer.py", line 892, in _runCallbacks
    current.result = callback(  # type: ignore[misc]
  File "E:\Python\lib\site-packages\scrapy\spiders\__init__.py", line 79, in _parse
    return self.parse(response, **kwargs)
  File "F:\WorkSpace\Software Engineering Practice 2\Pyspark project design\Project1\db_spider\db_spider\spiders\dbSpider.py", line 12, in parse
    review_list = response.xpath('//div[@class="main review-item""]')
  File "E:\Python\lib\site-packages\scrapy\http\response\text.py", line 157, in xpath
    return self.selector.xpath(query, **kwargs)
  File "E:\Python\lib\site-packages\parsel\selector.py", line 650, in xpath
    raise ValueError(f"XPath error: {exc} in {query}")
ValueError: XPath error: Invalid predicate in //div[@class="main review-item""]
2023-12-26 21:26:07 [scrapy.core.scraper] ERROR: Spider error processing <GET https://movie.douban.com/subject/36178641/reviews> (referer: None)
Traceback (most recent call last):
  File "E:\Python\lib\site-packages\parsel\selector.py", line 643, in xpath
    result = xpathev(
  File "src\lxml\etree.pyx", line 1607, in lxml.etree._Element.xpath
  File "src\lxml\xpath.pxi", line 305, in lxml.etree.XPathElementEvaluator.__call__
  File "src\lxml\xpath.pxi", line 225, in lxml.etree._XPathEvaluatorBase._handle_result
lxml.etree.XPathEvalError: Invalid predicate

During handling of the above exception, another exception occurred:

Traceback (most recent call last):
  File "E:\Python\lib\site-packages\twisted\internet\defer.py", line 892, in _runCallbacks
    current.result = callback(  # type: ignore[misc]
  File "E:\Python\lib\site-packages\scrapy\spiders\__init__.py", line 79, in _parse
    return self.parse(response, **kwargs)
  File "F:\WorkSpace\Software Engineering Practice 2\Pyspark project design\Project1\db_spider\db_spider\spiders\dbSpider.py", line 39, in parse
    movies_map['reviews_reply'] = i.xpath(
  File "E:\Python\lib\site-packages\parsel\selector.py", line 650, in xpath
    raise ValueError(f"XPath error: {exc} in {query}")
ValueError: XPath error: Invalid predicate in div/div[@class='action']/div[@class='action-btn down']/a[@class=''reply]/text()
2023-12-26 21:37:17 [scrapy.core.scraper] ERROR: Spider error processing <GET https://movie.douban.com/subject/36178641/reviews> (referer: None)
Traceback (most recent call last):
  File "E:\Python\lib\site-packages\parsel\selector.py", line 643, in xpath
    result = xpathev(
  File "src\lxml\etree.pyx", line 1607, in lxml.etree._Element.xpath
  File "src\lxml\xpath.pxi", line 305, in lxml.etree.XPathElementEvaluator.__call__
  File "src\lxml\xpath.pxi", line 225, in lxml.etree._XPathEvaluatorBase._handle_result
lxml.etree.XPathEvalError: Invalid predicate

During handling of the above exception, another exception occurred:

Traceback (most recent call last):
  File "E:\Python\lib\site-packages\twisted\internet\defer.py", line 892, in _runCallbacks
    current.result = callback(  # type: ignore[misc]
  File "E:\Python\lib\site-packages\scrapy\spiders\__init__.py", line 79, in _parse
    return self.parse(response, **kwargs)
  File "F:\WorkSpace\Software Engineering Practice 2\Pyspark project design\Project1\db_spider\db_spider\spiders\dbSpider.py", line 39, in parse
    reviews_reply = i.xpath(
  File "E:\Python\lib\site-packages\parsel\selector.py", line 650, in xpath
    raise ValueError(f"XPath error: {exc} in {query}")
ValueError: XPath error: Invalid predicate in div/div[@class='action']/a[@class='reply '
2023-12-26 21:37:40 [scrapy.core.scraper] ERROR: Spider error processing <GET https://movie.douban.com/subject/36178641/reviews> (referer: None)
Traceback (most recent call last):
  File "E:\Python\lib\site-packages\parsel\selector.py", line 643, in xpath
    result = xpathev(
  File "src\lxml\etree.pyx", line 1607, in lxml.etree._Element.xpath
  File "src\lxml\xpath.pxi", line 305, in lxml.etree.XPathElementEvaluator.__call__
  File "src\lxml\xpath.pxi", line 225, in lxml.etree._XPathEvaluatorBase._handle_result
lxml.etree.XPathEvalError: Invalid predicate

During handling of the above exception, another exception occurred:

Traceback (most recent call last):
  File "E:\Python\lib\site-packages\twisted\internet\defer.py", line 892, in _runCallbacks
    current.result = callback(  # type: ignore[misc]
  File "E:\Python\lib\site-packages\scrapy\spiders\__init__.py", line 79, in _parse
    return self.parse(response, **kwargs)
  File "F:\WorkSpace\Software Engineering Practice 2\Pyspark project design\Project1\db_spider\db_spider\spiders\dbSpider.py", line 39, in parse
    reviews_reply = i.xpath(
  File "E:\Python\lib\site-packages\parsel\selector.py", line 650, in xpath
    raise ValueError(f"XPath error: {exc} in {query}")
ValueError: XPath error: Invalid predicate in div/div[@class='action']/a[@class='reply '/text()
2023-12-26 22:03:15 [scrapy.core.scraper] ERROR: Spider error processing <GET https://movie.douban.com/subject/36178641/reviews> (referer: None)
Traceback (most recent call last):
  File "E:\Python\lib\site-packages\twisted\internet\defer.py", line 892, in _runCallbacks
    current.result = callback(  # type: ignore[misc]
  File "E:\Python\lib\site-packages\scrapy\spiders\__init__.py", line 79, in _parse
    return self.parse(response, **kwargs)
  File "F:\WorkSpace\Software Engineering Practice 2\Pyspark project design\Project1\db_spider\db_spider\spiders\dbSpider.py", line 20, in parse
    movies_name = i.xpath(
  File "E:\Python\lib\site-packages\parsel\selector.py", line 143, in __getitem__
    o = super().__getitem__(pos)
IndexError: list index out of range
2023-12-26 22:15:37 [scrapy.core.scraper] ERROR: Spider error processing <GET https://movie.douban.com/subject/36178641/reviews> (referer: None)
Traceback (most recent call last):
  File "E:\Python\lib\site-packages\twisted\internet\defer.py", line 892, in _runCallbacks
    current.result = callback(  # type: ignore[misc]
  File "E:\Python\lib\site-packages\scrapy\spiders\__init__.py", line 79, in _parse
    return self.parse(response, **kwargs)
  File "F:\WorkSpace\Software Engineering Practice 2\Pyspark project design\Project1\db_spider\db_spider\spiders\dbSpider.py", line 21, in parse
    "a[@class='subject-img']/img/@title").all().toString()
AttributeError: 'SelectorList' object has no attribute 'all'
2023-12-26 22:16:01 [scrapy.core.scraper] ERROR: Spider error processing <GET https://movie.douban.com/subject/36178641/reviews> (referer: None)
Traceback (most recent call last):
  File "E:\Python\lib\site-packages\twisted\internet\defer.py", line 892, in _runCallbacks
    current.result = callback(  # type: ignore[misc]
  File "E:\Python\lib\site-packages\scrapy\spiders\__init__.py", line 79, in _parse
    return self.parse(response, **kwargs)
  File "F:\WorkSpace\Software Engineering Practice 2\Pyspark project design\Project1\db_spider\db_spider\spiders\dbSpider.py", line 21, in parse
    "a[@class='subject-img']/img/@title").toString()
AttributeError: 'SelectorList' object has no attribute 'toString'
2023-12-26 22:36:29 [scrapy.core.scraper] ERROR: Spider error processing <GET https://movie.douban.com/subject/36178641/reviews> (referer: None)
Traceback (most recent call last):
  File "E:\Python\lib\site-packages\twisted\internet\defer.py", line 892, in _runCallbacks
    current.result = callback(  # type: ignore[misc]
  File "E:\Python\lib\site-packages\scrapy\spiders\__init__.py", line 79, in _parse
    return self.parse(response, **kwargs)
  File "F:\WorkSpace\Software Engineering Practice 2\Pyspark project design\Project1\db_spider\db_spider\spiders\dbSpider.py", line 20, in parse
    movies_name = i.xpath(
  File "E:\Python\lib\site-packages\parsel\selector.py", line 143, in __getitem__
    o = super().__getitem__(pos)
IndexError: list index out of range
2023-12-26 22:37:22 [scrapy.core.scraper] ERROR: Spider error processing <GET https://movie.douban.com/subject/36178641/reviews> (referer: None)
Traceback (most recent call last):
  File "E:\Python\lib\site-packages\twisted\internet\defer.py", line 892, in _runCallbacks
    current.result = callback(  # type: ignore[misc]
  File "E:\Python\lib\site-packages\scrapy\spiders\__init__.py", line 79, in _parse
    return self.parse(response, **kwargs)
  File "F:\WorkSpace\Software Engineering Practice 2\Pyspark project design\Project1\db_spider\db_spider\spiders\dbSpider.py", line 20, in parse
    movies_name = i.xpath(
  File "E:\Python\lib\site-packages\parsel\selector.py", line 143, in __getitem__
    o = super().__getitem__(pos)
IndexError: list index out of range
